<?xml version="1.0" encoding="UTF-8"?>
<testng-results ignored="0" total="2" passed="2" failed="0" skipped="0">
  <reporter-output>
  </reporter-output>
  <suite started-at="2022-12-17T02:11:09 PST" name="Suite" finished-at="2022-12-17T02:11:34 PST" duration-ms="25001">
    <groups>
    </groups>
    <test started-at="2022-12-17T02:11:09 PST" name="Test" finished-at="2022-12-17T02:11:34 PST" duration-ms="25001">
      <class name="Testcase.LoginTestcase">
        <test-method is-config="true" signature="launch()[pri:0, instance:Testcase.LoginTestcase@2c767a52]" started-at="2022-12-17T02:11:09 PST" name="launch" finished-at="2022-12-17T02:11:16 PST" duration-ms="7145" status="PASS">
          <reporter-output>
          </reporter-output>
        </test-method> <!-- launch -->
        <test-method signature="login()[pri:0, instance:Testcase.LoginTestcase@2c767a52]" started-at="2022-12-17T02:11:16 PST" name="login" finished-at="2022-12-17T02:11:18 PST" duration-ms="2135" status="PASS">
          <reporter-output>
          </reporter-output>
        </test-method> <!-- login -->
      </class> <!-- Testcase.LoginTestcase -->
      <class name="Testcase.Signuptestcase">
        <test-method is-config="true" signature="launch()[pri:0, instance:Testcase.Signuptestcase@158da8e]" started-at="2022-12-17T02:11:18 PST" name="launch" finished-at="2022-12-17T02:11:24 PST" duration-ms="5293" status="PASS">
          <reporter-output>
          </reporter-output>
        </test-method> <!-- launch -->
        <test-method signature="verifySignup()[pri:0, instance:Testcase.Signuptestcase@158da8e]" started-at="2022-12-17T02:11:24 PST" name="verifySignup" finished-at="2022-12-17T02:11:34 PST" duration-ms="10357" status="PASS">
          <reporter-output>
          </reporter-output>
        </test-method> <!-- verifySignup -->
      </class> <!-- Testcase.Signuptestcase -->
    </test> <!-- Test -->
  </suite> <!-- Suite -->
</testng-results>
