<?xml version="1.0" encoding="UTF-8"?>
<testng-results ignored="0" total="2" passed="2" failed="0" skipped="0">
  <reporter-output>
  </reporter-output>
  <suite started-at="2022-12-11T01:46:53 PST" name="Suite" finished-at="2022-12-11T01:47:14 PST" duration-ms="20993">
    <groups>
    </groups>
    <test started-at="2022-12-11T01:46:53 PST" name="Test" finished-at="2022-12-11T01:47:14 PST" duration-ms="20993">
      <class name="Testcase.LoginTestcase">
        <test-method is-config="true" signature="launch()[pri:0, instance:Testcase.LoginTestcase@2c767a52]" started-at="2022-12-11T01:46:53 PST" name="launch" finished-at="2022-12-11T01:46:57 PST" duration-ms="3933" status="PASS">
          <reporter-output>
          </reporter-output>
        </test-method> <!-- launch -->
        <test-method signature="login()[pri:0, instance:Testcase.LoginTestcase@2c767a52]" started-at="2022-12-11T01:46:57 PST" name="login" finished-at="2022-12-11T01:46:58 PST" duration-ms="579" status="PASS">
          <reporter-output>
          </reporter-output>
        </test-method> <!-- login -->
      </class> <!-- Testcase.LoginTestcase -->
      <class name="Testcase.Signuptestcase">
        <test-method is-config="true" signature="launch()[pri:0, instance:Testcase.Signuptestcase@158da8e]" started-at="2022-12-11T01:46:58 PST" name="launch" finished-at="2022-12-11T01:47:01 PST" duration-ms="3388" status="PASS">
          <reporter-output>
          </reporter-output>
        </test-method> <!-- launch -->
        <test-method signature="verifySignup()[pri:0, instance:Testcase.Signuptestcase@158da8e]" started-at="2022-12-11T01:47:01 PST" name="verifySignup" finished-at="2022-12-11T01:47:14 PST" duration-ms="13037" status="PASS">
          <reporter-output>
          </reporter-output>
        </test-method> <!-- verifySignup -->
      </class> <!-- Testcase.Signuptestcase -->
    </test> <!-- Test -->
  </suite> <!-- Suite -->
</testng-results>
